<?xml version="1.0" encoding="UTF-8"?>
<robot generator="Robot 6.1 (Python 3.11.4 on win32)" generated="20231010 01:40:45.971" rpa="false" schemaversion="4">
<suite id="s1" name="Test" source="C:\Users\Julia\IdeaProjects\RobotFramework\test.robot">
<kw name="Go to Google" type="SETUP">
<kw name="Open Browser" library="Selenium2Library">
<arg>https://www.bing.com</arg>
<arg>Firefox</arg>
<doc>Opens a new browser instance to the optional ``url``.</doc>
<msg timestamp="20231010 01:40:46.312" level="INFO">Opening browser 'Firefox' to base url 'https://www.bing.com'.</msg>
<msg timestamp="20231010 01:40:46.315" level="INFO">Firefox driver log is always forced to to: C:\Users\Julia\IdeaProjects\RobotFramework\geckodriver-1.log</msg>
<status status="PASS" starttime="20231010 01:40:46.311" endtime="20231010 01:40:53.612"/>
</kw>
<status status="PASS" starttime="20231010 01:40:46.311" endtime="20231010 01:40:53.616"/>
</kw>
<test id="s1-t1" name="Ensure the capital of a country is displayed" line="8">
<kw name="Search and check on the first page">
<arg>Canada</arg>
<arg>Ottawa</arg>
<kw name="Comment" library="BuiltIn">
<arg>Accepting cookies policy</arg>
<doc>Displays the given messages in the log file as keyword arguments.</doc>
<status status="PASS" starttime="20231010 01:40:53.622" endtime="20231010 01:40:53.622"/>
</kw>
<kw name="Wait Until Element Is Visible" library="Selenium2Library">
<arg>xpath://*[@id='bnp_btn_accept']</arg>
<doc>Waits until the element ``locator`` is visible.</doc>
<status status="PASS" starttime="20231010 01:40:53.623" endtime="20231010 01:40:56.338"/>
</kw>
<kw name="Click Element" library="Selenium2Library">
<arg>xpath://*[@id='bnp_btn_accept']</arg>
<doc>Click the element identified by ``locator``.</doc>
<msg timestamp="20231010 01:40:56.339" level="INFO">Clicking element 'xpath://*[@id='bnp_btn_accept']'.</msg>
<status status="PASS" starttime="20231010 01:40:56.338" endtime="20231010 01:40:56.583"/>
</kw>
<kw name="Comment" library="BuiltIn">
<arg>Entering a country name</arg>
<doc>Displays the given messages in the log file as keyword arguments.</doc>
<status status="PASS" starttime="20231010 01:40:56.585" endtime="20231010 01:40:56.585"/>
</kw>
<kw name="Input Text" library="Selenium2Library">
<arg>id=sb_form_q</arg>
<arg>${query}</arg>
<doc>Types the given ``text`` into the text field identified by ``locator``.</doc>
<msg timestamp="20231010 01:40:56.587" level="INFO">Typing text 'Canada' into text field 'id=sb_form_q'.</msg>
<status status="PASS" starttime="20231010 01:40:56.586" endtime="20231010 01:40:57.507"/>
</kw>
<kw name="Click Element" library="Selenium2Library">
<arg>xpath://*[@id='search_icon']/*[1]</arg>
<doc>Click the element identified by ``locator``.</doc>
<msg timestamp="20231010 01:40:57.510" level="INFO">Clicking element 'xpath://*[@id='search_icon']/*[1]'.</msg>
<status status="PASS" starttime="20231010 01:40:57.509" endtime="20231010 01:40:58.346"/>
</kw>
<kw name="Comment" library="BuiltIn">
<arg>Checking a country capital</arg>
<doc>Displays the given messages in the log file as keyword arguments.</doc>
<status status="PASS" starttime="20231010 01:40:58.348" endtime="20231010 01:40:58.348"/>
</kw>
<kw name="Wait Until Page Contains" library="Selenium2Library">
<arg>${expected_result}</arg>
<doc>Waits until ``text`` appears on the current page.</doc>
<status status="PASS" starttime="20231010 01:40:58.349" endtime="20231010 01:40:58.373"/>
</kw>
<status status="PASS" starttime="20231010 01:40:53.621" endtime="20231010 01:40:58.374"/>
</kw>
<kw name="Search and check on not-first pages">
<arg>France</arg>
<arg>Paris</arg>
<kw name="Comment" library="BuiltIn">
<arg>Entering a country name</arg>
<doc>Displays the given messages in the log file as keyword arguments.</doc>
<status status="PASS" starttime="20231010 01:40:58.426" endtime="20231010 01:40:58.430"/>
</kw>
<kw name="Input Text" library="Selenium2Library">
<arg>id=sb_form_q</arg>
<arg>${query}</arg>
<doc>Types the given ``text`` into the text field identified by ``locator``.</doc>
<msg timestamp="20231010 01:40:58.436" level="INFO">Typing text 'France' into text field 'id=sb_form_q'.</msg>
<status status="PASS" starttime="20231010 01:40:58.432" endtime="20231010 01:40:58.840"/>
</kw>
<kw name="Click Element" library="Selenium2Library">
<arg>id=sb_form_go</arg>
<doc>Click the element identified by ``locator``.</doc>
<msg timestamp="20231010 01:40:58.843" level="INFO">Clicking element 'id=sb_form_go'.</msg>
<status status="PASS" starttime="20231010 01:40:58.842" endtime="20231010 01:40:59.837"/>
</kw>
<kw name="Comment" library="BuiltIn">
<arg>Checking a country capital</arg>
<doc>Displays the given messages in the log file as keyword arguments.</doc>
<status status="PASS" starttime="20231010 01:40:59.838" endtime="20231010 01:40:59.839"/>
</kw>
<kw name="Wait Until Page Contains" library="Selenium2Library">
<arg>${expected_result}</arg>
<doc>Waits until ``text`` appears on the current page.</doc>
<status status="PASS" starttime="20231010 01:40:59.839" endtime="20231010 01:40:59.876"/>
</kw>
<status status="PASS" starttime="20231010 01:40:58.425" endtime="20231010 01:40:59.876"/>
</kw>
<kw name="Search and check on not-first pages">
<arg>The Netherlands</arg>
<arg>Amsterdam</arg>
<kw name="Comment" library="BuiltIn">
<arg>Entering a country name</arg>
<doc>Displays the given messages in the log file as keyword arguments.</doc>
<status status="PASS" starttime="20231010 01:40:59.878" endtime="20231010 01:40:59.879"/>
</kw>
<kw name="Input Text" library="Selenium2Library">
<arg>id=sb_form_q</arg>
<arg>${query}</arg>
<doc>Types the given ``text`` into the text field identified by ``locator``.</doc>
<msg timestamp="20231010 01:40:59.881" level="INFO">Typing text 'The Netherlands' into text field 'id=sb_form_q'.</msg>
<status status="PASS" starttime="20231010 01:40:59.880" endtime="20231010 01:41:00.227"/>
</kw>
<kw name="Click Element" library="Selenium2Library">
<arg>id=sb_form_go</arg>
<doc>Click the element identified by ``locator``.</doc>
<msg timestamp="20231010 01:41:00.230" level="INFO">Clicking element 'id=sb_form_go'.</msg>
<status status="PASS" starttime="20231010 01:41:00.229" endtime="20231010 01:41:01.438"/>
</kw>
<kw name="Comment" library="BuiltIn">
<arg>Checking a country capital</arg>
<doc>Displays the given messages in the log file as keyword arguments.</doc>
<status status="PASS" starttime="20231010 01:41:01.440" endtime="20231010 01:41:01.440"/>
</kw>
<kw name="Wait Until Page Contains" library="Selenium2Library">
<arg>${expected_result}</arg>
<doc>Waits until ``text`` appears on the current page.</doc>
<status status="PASS" starttime="20231010 01:41:01.441" endtime="20231010 01:41:01.462"/>
</kw>
<status status="PASS" starttime="20231010 01:40:59.878" endtime="20231010 01:41:01.464"/>
</kw>
<kw name="Search and check on not-first pages">
<arg>Denmark</arg>
<arg>some failed value</arg>
<kw name="Comment" library="BuiltIn">
<arg>Entering a country name</arg>
<doc>Displays the given messages in the log file as keyword arguments.</doc>
<status status="PASS" starttime="20231010 01:41:01.468" endtime="20231010 01:41:01.469"/>
</kw>
<kw name="Input Text" library="Selenium2Library">
<arg>id=sb_form_q</arg>
<arg>${query}</arg>
<doc>Types the given ``text`` into the text field identified by ``locator``.</doc>
<msg timestamp="20231010 01:41:01.471" level="INFO">Typing text 'Denmark' into text field 'id=sb_form_q'.</msg>
<status status="PASS" starttime="20231010 01:41:01.470" endtime="20231010 01:41:01.712"/>
</kw>
<kw name="Click Element" library="Selenium2Library">
<arg>id=sb_form_go</arg>
<doc>Click the element identified by ``locator``.</doc>
<msg timestamp="20231010 01:41:01.716" level="INFO">Clicking element 'id=sb_form_go'.</msg>
<status status="PASS" starttime="20231010 01:41:01.714" endtime="20231010 01:41:02.858"/>
</kw>
<kw name="Comment" library="BuiltIn">
<arg>Checking a country capital</arg>
<doc>Displays the given messages in the log file as keyword arguments.</doc>
<status status="PASS" starttime="20231010 01:41:02.860" endtime="20231010 01:41:02.861"/>
</kw>
<kw name="Wait Until Page Contains" library="Selenium2Library">
<arg>${expected_result}</arg>
<doc>Waits until ``text`` appears on the current page.</doc>
<msg timestamp="20231010 01:41:08.090" level="INFO" html="true">&lt;/td&gt;&lt;/tr&gt;&lt;tr&gt;&lt;td colspan="3"&gt;&lt;a href="selenium-screenshot-1.png"&gt;&lt;img src="selenium-screenshot-1.png" width="800px"&gt;&lt;/a&gt;</msg>
<msg timestamp="20231010 01:41:08.091" level="FAIL">Text 'some failed value' did not appear in 5 seconds.</msg>
<status status="FAIL" starttime="20231010 01:41:02.863" endtime="20231010 01:41:08.095"/>
</kw>
<status status="FAIL" starttime="20231010 01:41:01.466" endtime="20231010 01:41:08.097"/>
</kw>
<status status="FAIL" starttime="20231010 01:40:53.617" endtime="20231010 01:41:08.098">Text 'some failed value' did not appear in 5 seconds.</status>
</test>
<kw name="Close All Browsers" library="Selenium2Library" type="TEARDOWN">
<doc>Closes all open browsers and resets the browser cache.</doc>
<status status="PASS" starttime="20231010 01:41:08.105" endtime="20231010 01:41:15.755"/>
</kw>
<status status="FAIL" starttime="20231010 01:40:46.060" endtime="20231010 01:41:15.756"/>
</suite>
<statistics>
<total>
<stat pass="0" fail="1" skip="0">All Tests</stat>
</total>
<tag>
</tag>
<suite>
<stat pass="0" fail="1" skip="0" id="s1" name="Test">Test</stat>
</suite>
</statistics>
<errors>
</errors>
</robot>
